<?xml version="1.0" encoding="UTF-8"?>
<!-- Generated by org.testng.reporters.JUnitXMLReporter -->
<testsuite hostname="aks-PC" name="Test upen" tests="8" failures="1" timestamp="16 Sep 2019 18:33:18 GMT" time="0.07" errors="0">
  <testcase name="div" time="0.015" classname="com.qa.pages.PraTest1"/>
  <testcase name="multi" time="0.001" classname="com.qa.pages.PraTest1"/>
  <testcase name="sub" time="0.002" classname="com.qa.pages.PraTest1"/>
  <testcase name="sum" time="0.003" classname="com.qa.pages.PraTest1">
    <failure type="java.lang.AssertionError" message="expected [30] but found [40]">
      <![CDATA[java.lang.AssertionError: expected [30] but found [40]
	at com.qa.pages.PraTest1.sum(PraTest1.java:12)
... Removed 30 stack frames]]>
    </failure>
  </testcase> <!-- sum -->
  <testcase name="div" time="0.001" classname="com.qa.pages.PraTest"/>
  <testcase name="multi" time="0.001" classname="com.qa.pages.PraTest"/>
  <testcase name="sub" time="0.001" classname="com.qa.pages.PraTest"/>
  <testcase name="sum" time="0.001" classname="com.qa.pages.PraTest"/>
</testsuite> <!-- Test upen -->
