<?xml version="1.0" encoding="UTF-8"?>
<testng-results skipped="0" failed="1" total="8" passed="7">
  <reporter-output>
  </reporter-output>
  <suite name="Suite" duration-ms="82" started-at="2019-09-18T18:56:08Z" finished-at="2019-09-18T18:56:08Z">
    <groups>
    </groups>
    <test name="Testupen" duration-ms="82" started-at="2019-09-18T18:56:08Z" finished-at="2019-09-18T18:56:08Z">
      <class name="com.qa.pages.PraTest">
        <test-method status="PASS" signature="div()[pri:0, instance:com.qa.pages.PraTest@57829d67]" name="div" duration-ms="19" started-at="2019-09-19T00:26:08Z" finished-at="2019-09-19T00:26:08Z">
          <reporter-output>
          </reporter-output>
        </test-method> <!-- div -->
        <test-method status="PASS" signature="multi()[pri:0, instance:com.qa.pages.PraTest@57829d67]" name="multi" duration-ms="1" started-at="2019-09-19T00:26:08Z" finished-at="2019-09-19T00:26:08Z">
          <reporter-output>
          </reporter-output>
        </test-method> <!-- multi -->
        <test-method status="PASS" signature="sub()[pri:0, instance:com.qa.pages.PraTest@57829d67]" name="sub" duration-ms="1" started-at="2019-09-19T00:26:08Z" finished-at="2019-09-19T00:26:08Z">
          <reporter-output>
          </reporter-output>
        </test-method> <!-- sub -->
        <test-method status="PASS" signature="sum()[pri:0, instance:com.qa.pages.PraTest@57829d67]" name="sum" duration-ms="1" started-at="2019-09-19T00:26:08Z" finished-at="2019-09-19T00:26:08Z">
          <reporter-output>
          </reporter-output>
        </test-method> <!-- sum -->
      </class> <!-- com.qa.pages.PraTest -->
      <class name="com.qa.pages.PraTest1">
        <test-method status="PASS" signature="div()[pri:0, instance:com.qa.pages.PraTest1@7e0ea639]" name="div" duration-ms="2" started-at="2019-09-19T00:26:08Z" finished-at="2019-09-19T00:26:08Z">
          <reporter-output>
          </reporter-output>
        </test-method> <!-- div -->
        <test-method status="PASS" signature="multi()[pri:0, instance:com.qa.pages.PraTest1@7e0ea639]" name="multi" duration-ms="1" started-at="2019-09-19T00:26:08Z" finished-at="2019-09-19T00:26:08Z">
          <reporter-output>
          </reporter-output>
        </test-method> <!-- multi -->
        <test-method status="PASS" signature="sub()[pri:0, instance:com.qa.pages.PraTest1@7e0ea639]" name="sub" duration-ms="2" started-at="2019-09-19T00:26:08Z" finished-at="2019-09-19T00:26:08Z">
          <reporter-output>
          </reporter-output>
        </test-method> <!-- sub -->
        <test-method status="FAIL" signature="sum()[pri:0, instance:com.qa.pages.PraTest1@7e0ea639]" name="sum" duration-ms="3" started-at="2019-09-19T00:26:08Z" finished-at="2019-09-19T00:26:08Z">
          <exception class="java.lang.AssertionError">
            <message>
              <![CDATA[expected [30] but found [40]]]>
            </message>
            <full-stacktrace>
              <![CDATA[java.lang.AssertionError: expected [30] but found [40]
	at org.testng.Assert.fail(Assert.java:94)
	at org.testng.Assert.failNotEquals(Assert.java:513)
	at org.testng.Assert.assertEqualsImpl(Assert.java:135)
	at org.testng.Assert.assertEquals(Assert.java:116)
	at org.testng.Assert.assertEquals(Assert.java:389)
	at org.testng.Assert.assertEquals(Assert.java:399)
	at com.qa.pages.PraTest1.sum(PraTest1.java:12)
	at sun.reflect.NativeMethodAccessorImpl.invoke0(Native Method)
	at sun.reflect.NativeMethodAccessorImpl.invoke(NativeMethodAccessorImpl.java:62)
	at sun.reflect.DelegatingMethodAccessorImpl.invoke(DelegatingMethodAccessorImpl.java:43)
	at java.lang.reflect.Method.invoke(Method.java:498)
	at org.testng.internal.MethodInvocationHelper.invokeMethod(MethodInvocationHelper.java:86)
	at org.testng.internal.Invoker.invokeMethod(Invoker.java:645)
	at org.testng.internal.Invoker.invokeTestMethod(Invoker.java:822)
	at org.testng.internal.Invoker.invokeTestMethods(Invoker.java:1130)
	at org.testng.internal.TestMethodWorker.invokeTestMethods(TestMethodWorker.java:129)
	at org.testng.internal.TestMethodWorker.run(TestMethodWorker.java:112)
	at org.testng.TestRunner.privateRun(TestRunner.java:782)
	at org.testng.TestRunner.run(TestRunner.java:632)
	at org.testng.SuiteRunner.runTest(SuiteRunner.java:366)
	at org.testng.SuiteRunner.runSequentially(SuiteRunner.java:361)
	at org.testng.SuiteRunner.privateRun(SuiteRunner.java:319)
	at org.testng.SuiteRunner.run(SuiteRunner.java:268)
	at org.testng.SuiteRunnerWorker.runSuite(SuiteRunnerWorker.java:52)
	at org.testng.SuiteRunnerWorker.run(SuiteRunnerWorker.java:86)
	at org.testng.TestNG.runSuitesSequentially(TestNG.java:1244)
	at org.testng.TestNG.runSuitesLocally(TestNG.java:1169)
	at org.testng.TestNG.run(TestNG.java:1064)
	at org.testng.remote.RemoteTestNG.run(RemoteTestNG.java:113)
	at org.testng.remote.RemoteTestNG.initAndRun(RemoteTestNG.java:206)
	at org.testng.remote.RemoteTestNG.main(RemoteTestNG.java:177)
]]>
            </full-stacktrace>
          </exception> <!-- java.lang.AssertionError -->
          <reporter-output>
          </reporter-output>
        </test-method> <!-- sum -->
      </class> <!-- com.qa.pages.PraTest1 -->
    </test> <!-- Testupen -->
  </suite> <!-- Suite -->
</testng-results>
